<?xml version="1.0" encoding="UTF-8"?>
<!-- Generated by org.testng.reporters.JUnitXMLReporter -->
<testsuite ignored="0" hostname="Appu" failures="0" tests="1" name="Test" time="0.049" errors="0" timestamp="2024-09-02T11:45:31 IST">
  <testcase classname="genericUtility.BaseClass" name="@BeforeClass launchBrowser" time="-1.725257731492E9">
    <failure type="org.testng.TestNGException" message="
Parameter &amp;apos;browsers&amp;apos; is required by BeforeClass on method launchBrowser but has not been marked @Optional or defined
in C:\Users\91790\OneDrive\Desktop\Java Programs\com.Ecommerce.falcon\testngCross.xml">
      <![CDATA[org.testng.TestNGException: 
Parameter 'browsers' is required by BeforeClass on method launchBrowser but has not been marked @Optional or defined
in C:\Users\91790\OneDrive\Desktop\Java Programs\com.Ecommerce.falcon\testngCross.xml
at java.base/java.util.ArrayList.forEach(ArrayList.java:1597)
... Removed 22 stack frames]]>
    </failure>
  </testcase> <!-- @BeforeClass launchBrowser -->
  <testcase classname="prexoFunctionalTestCase.PrexoUiTestCase" name="ass1" time="0.0">
    <skipped/>
  </testcase> <!-- ass1 -->
</testsuite> <!-- Test -->
